<?xml version="1.0" encoding="UTF-8"?>
<!-- Generated by org.testng.reporters.JUnitReportReporter -->
<testsuite hostname="DESKTOP-QGEJ1IM" name="com.crm.vtiger.practice.CreateOrganizationWithMultipleData" tests="3" failures="0" timestamp="16 Sep 2021 07:39:44 GMT" time="31.489" errors="0">
  <testcase name="createOrganizationWithMultipleData" time="12.025" classname="com.crm.vtiger.practice.CreateOrganizationWithMultipleData"/>
  <testcase name="createOrganizationWithMultipleData" time="9.691" classname="com.crm.vtiger.practice.CreateOrganizationWithMultipleData"/>
  <testcase name="createOrganizationWithMultipleData" time="9.773" classname="com.crm.vtiger.practice.CreateOrganizationWithMultipleData"/>
</testsuite> <!-- com.crm.vtiger.practice.CreateOrganizationWithMultipleData -->
