<?xml version="1.0" encoding="UTF-8"?>
<!-- Generated by org.testng.reporters.JUnitReportReporter -->
<testsuite hostname="DESKTOP-QGEJ1IM" name="com.crm.vtiger.practice.HoverMessagePractice" tests="1" failures="0" timestamp="17 Sep 2021 05:07:14 GMT" time="5.081" errors="0">
  <testcase name="hoverMessagePractice" time="5.081" classname="com.crm.vtiger.practice.HoverMessagePractice"/>
</testsuite> <!-- com.crm.vtiger.practice.HoverMessagePractice -->
