<?xml version="1.0" encoding="UTF-8"?>
<!-- Generated by org.testng.reporters.JUnitReportReporter -->
<testsuite hostname="DESKTOP-QGEJ1IM" name="com.crm.vtiger.organizationtest.TC_03_CreateOrganizationWithIndustry" tests="1" failures="0" timestamp="17 Sep 2021 05:53:22 GMT" time="14.780" errors="0">
  <testcase name="createOrganizationWithIndustryTest" time="14.780" classname="com.crm.vtiger.organizationtest.TC_03_CreateOrganizationWithIndustry"/>
</testsuite> <!-- com.crm.vtiger.organizationtest.TC_03_CreateOrganizationWithIndustry -->
