<?xml version="1.0" encoding="UTF-8"?>
<!-- Generated by org.testng.reporters.JUnitReportReporter -->
<testsuite hostname="DESKTOP-QGEJ1IM" name="com.crm.practice.ReadFromXml" tests="1" failures="0" timestamp="7 Sep 2021 08:37:47 GMT" time="0.008" errors="0">
  <testcase name="readDataFromXml" time="0.008" classname="com.crm.practice.ReadFromXml"/>
</testsuite> <!-- com.crm.practice.ReadFromXml -->
