<?xml version="1.0" encoding="UTF-8"?>
<!-- Generated by org.testng.reporters.JUnitReportReporter -->
<testsuite hostname="DESKTOP-QGEJ1IM" name="com.crm.vtiger.testcases.TC_01_CreateOrganisationTest" tests="1" failures="0" timestamp="8 Sep 2021 15:12:14 GMT" time="21.322" errors="0">
  <testcase name="createOrganisationTest" time="21.322" classname="com.crm.vtiger.testcases.TC_01_CreateOrganisationTest"/>
</testsuite> <!-- com.crm.vtiger.testcases.TC_01_CreateOrganisationTest -->
