<?xml version="1.0" encoding="UTF-8"?>
<!-- Generated by org.testng.reporters.JUnitReportReporter -->
<testsuite hostname="DESKTOP-QGEJ1IM" name="com.crm.vtiger.organizationtest.TC_04_VerifyTypeDropdown" tests="1" failures="0" timestamp="17 Sep 2021 05:53:22 GMT" time="8.436" errors="0">
  <testcase name="verifyTypeDropdownTest" time="8.436" classname="com.crm.vtiger.organizationtest.TC_04_VerifyTypeDropdown"/>
</testsuite> <!-- com.crm.vtiger.organizationtest.TC_04_VerifyTypeDropdown -->
