<?xml version="1.0" encoding="UTF-8"?>
<!-- Generated by org.testng.reporters.JUnitReportReporter -->
<testsuite hostname="DESKTOP-QGEJ1IM" name="com.crm.vtiger.organizationtest.TC_02_VerifyIndustryDropdown" tests="1" failures="0" timestamp="17 Sep 2021 05:53:22 GMT" time="13.640" errors="0">
  <testcase name="verifyIndustryDropdownTest" time="13.640" classname="com.crm.vtiger.organizationtest.TC_02_VerifyIndustryDropdown"/>
</testsuite> <!-- com.crm.vtiger.organizationtest.TC_02_VerifyIndustryDropdown -->
