<?xml version="1.0" encoding="UTF-8"?>
<!-- Generated by org.testng.reporters.JUnitReportReporter -->
<testsuite hostname="DESKTOP-QGEJ1IM" name="com.crm.vtiger.testcases.TC_05_CreateOrganizationByConvertingLead" tests="1" failures="0" timestamp="10 Sep 2021 14:08:46 GMT" time="18.178" errors="0">
  <testcase name="createOrganizationFromLead" time="18.178" classname="com.crm.vtiger.testcases.TC_05_CreateOrganizationByConvertingLead"/>
</testsuite> <!-- com.crm.vtiger.testcases.TC_05_CreateOrganizationByConvertingLead -->
