<?xml version="1.0" encoding="UTF-8"?>
<!-- Generated by org.testng.reporters.JUnitReportReporter -->
<testsuite hostname="DESKTOP-QGEJ1IM" name="com.crm.vtiger.testcases.TC_06_CreateOrganizationByQuickCreateTest" tests="1" failures="0" timestamp="10 Sep 2021 14:29:10 GMT" time="15.417" errors="0">
  <testcase name="createOrganizationFromQuickCreateTest" time="15.417" classname="com.crm.vtiger.testcases.TC_06_CreateOrganizationByQuickCreateTest"/>
</testsuite> <!-- com.crm.vtiger.testcases.TC_06_CreateOrganizationByQuickCreateTest -->
