<?xml version="1.0" encoding="UTF-8"?>
<!-- Generated by org.testng.reporters.JUnitReportReporter -->
<testsuite hostname="DESKTOP-QGEJ1IM" name="com.crm.vtiger.testcases.TC_04_CreateProductAndVerifyWithPartNumberTest" tests="1" failures="0" timestamp="9 Sep 2021 08:11:21 GMT" time="26.424" errors="0">
  <testcase name="createProductTest" time="26.424" classname="com.crm.vtiger.testcases.TC_04_CreateProductAndVerifyWithPartNumberTest"/>
</testsuite> <!-- com.crm.vtiger.testcases.TC_04_CreateProductAndVerifyWithPartNumberTest -->
