<?xml version="1.0" encoding="UTF-8"?>
<!-- Generated by org.testng.reporters.JUnitReportReporter -->
<testsuite hostname="DESKTOP-QGEJ1IM" name="com.crm.vtiger.testcases.TC_02_CreateOrganizationWithIndustryTest" tests="1" failures="0" timestamp="8 Sep 2021 15:25:14 GMT" time="21.005" errors="0">
  <testcase name="createOrganisationTest" time="21.005" classname="com.crm.vtiger.testcases.TC_02_CreateOrganizationWithIndustryTest"/>
</testsuite> <!-- com.crm.vtiger.testcases.TC_02_CreateOrganizationWithIndustryTest -->
