<?xml version="1.0" encoding="UTF-8"?>
<!-- Generated by org.testng.reporters.JUnitReportReporter -->
<testsuite hostname="DESKTOP-QGEJ1IM" name="com.crm.vtiger.practice.SeleniumGridTest" tests="1" failures="0" timestamp="14 Sep 2021 17:36:14 GMT" time="9.847" errors="0">
  <testcase name="remoteExecutionTest" time="9.847" classname="com.crm.vtiger.practice.SeleniumGridTest"/>
</testsuite> <!-- com.crm.vtiger.practice.SeleniumGridTest -->
