<?xml version="1.0" encoding="UTF-8"?>
<!-- Generated by org.testng.reporters.JUnitReportReporter -->
<testsuite hostname="DESKTOP-QGEJ1IM" name="com.crm.vtiger.practice.LenskartSuggestionHandling" tests="1" failures="0" timestamp="16 Sep 2021 05:20:19 GMT" time="40.542" errors="0">
  <testcase name="lenskartSuggestionHandling" time="40.542" classname="com.crm.vtiger.practice.LenskartSuggestionHandling"/>
</testsuite> <!-- com.crm.vtiger.practice.LenskartSuggestionHandling -->
